<?xml version="1.0" encoding="UTF-8"?>
<testsuite name="tests.AllureTests" tests="1" skipped="0" failures="0" errors="0" timestamp="2024-10-08T15:11:11" hostname="DESKTOP-TTM8PH6" time="3.221">
  <properties/>
  <testcase name="allureSelenideTest()" classname="tests.AllureTests" time="3.221"/>
  <system-out><![CDATA[]]></system-out>
  <system-err><![CDATA[]]></system-err>
</testsuite>
